Flow report for carry_lookahead_adder
Fri Oct 11 12:58:18 2019
Quartus Prime Version 18.1.0 Build 625 09/12/2018 SJ Standard Edition


---------------------
; Table of Contents ;
---------------------
  1. Legal Notice
  2. Flow Summary
  3. Flow Settings
  4. Flow Non-Default Global Settings
  5. Flow Elapsed Time
  6. Flow OS Summary
  7. Flow Log
  8. Flow Messages
  9. Flow Suppressed Messages



----------------
; Legal Notice ;
----------------
Copyright (C) 2018  Intel Corporation. All rights reserved.
Your use of Intel Corporation's design tools, logic functions 
and other software and tools, and its AMPP partner logic 
functions, and any output files from any of the foregoing 
(including device programming or simulation files), and any 
associated documentation or information are expressly subject 
to the terms and conditions of the Intel Program License 
Subscription Agreement, the Intel Quartus Prime License Agreement,
the Intel FPGA IP License Agreement, or other applicable license
agreement, including, without limitation, that your use is for
the sole purpose of programming logic devices manufactured by
Intel and sold by Intel or its authorized distributors.  Please
refer to the applicable agreement for further details.



+--------------------------------------------------------------------------------------+
; Flow Summary                                                                         ;
+------------------------------------+-------------------------------------------------+
; Flow Status                        ; Successful - Fri Oct 11 12:58:18 2019           ;
; Quartus Prime Version              ; 18.1.0 Build 625 09/12/2018 SJ Standard Edition ;
; Revision Name                      ; carry_lookahead_adder                           ;
; Top-level Entity Name              ; adder_top                                       ;
; Family                             ; Cyclone IV E                                    ;
; Total logic elements               ; 97 / 6,272 ( 2 % )                              ;
;     Total combinational functions  ; 77 / 6,272 ( 1 % )                              ;
;     Dedicated logic registers      ; 96 / 6,272 ( 2 % )                              ;
; Total registers                    ; 96                                              ;
; Total pins                         ; 97 / 180 ( 54 % )                               ;
; Total virtual pins                 ; 0                                               ;
; Total memory bits                  ; 0 / 276,480 ( 0 % )                             ;
; Embedded Multiplier 9-bit elements ; 0 / 30 ( 0 % )                                  ;
; Total PLLs                         ; 0 / 2 ( 0 % )                                   ;
; Device                             ; EP4CE6F17C6                                     ;
; Timing Models                      ; Final                                           ;
+------------------------------------+-------------------------------------------------+


+-------------------------------------------+
; Flow Settings                             ;
+-------------------+-----------------------+
; Option            ; Setting               ;
+-------------------+-----------------------+
; Start date & time ; 10/11/2019 12:57:46   ;
; Main task         ; Compilation           ;
; Revision Name     ; carry_lookahead_adder ;
+-------------------+-----------------------+


+-------------------------------------------------------------------------------------------------------------------------------------+
; Flow Non-Default Global Settings                                                                                                    ;
+-------------------------------------+----------------------------------------+-----------------------+-------------+----------------+
; Assignment Name                     ; Value                                  ; Default Value         ; Entity Name ; Section Id     ;
+-------------------------------------+----------------------------------------+-----------------------+-------------+----------------+
; COMPILER_SIGNATURE_ID               ; 345046515769.157082026622166           ; --                    ; --          ; --             ;
; EDA_OUTPUT_DATA_FORMAT              ; Verilog Hdl                            ; --                    ; --          ; eda_simulation ;
; EDA_SIMULATION_TOOL                 ; ModelSim-Altera (Verilog)              ; <None>                ; --          ; --             ;
; EDA_TIME_SCALE                      ; 1 ps                                   ; --                    ; --          ; eda_simulation ;
; PARTITION_COLOR                     ; -- (Not supported for targeted family) ; --                    ; adder_top   ; Top            ;
; PARTITION_FITTER_PRESERVATION_LEVEL ; -- (Not supported for targeted family) ; --                    ; adder_top   ; Top            ;
; PARTITION_NETLIST_TYPE              ; -- (Not supported for targeted family) ; --                    ; adder_top   ; Top            ;
; PROJECT_OUTPUT_DIRECTORY            ; output_files                           ; --                    ; --          ; --             ;
; TOP_LEVEL_ENTITY                    ; adder_top                              ; carry_lookahead_adder ; --          ; --             ;
+-------------------------------------+----------------------------------------+-----------------------+-------------+----------------+


+--------------------------------------------------------------------------------------------------------------------------+
; Flow Elapsed Time                                                                                                        ;
+----------------------+--------------+-------------------------+---------------------+------------------------------------+
; Module Name          ; Elapsed Time ; Average Processors Used ; Peak Virtual Memory ; Total CPU Time (on all processors) ;
+----------------------+--------------+-------------------------+---------------------+------------------------------------+
; Analysis & Synthesis ; 00:00:15     ; 1.0                     ; 1022 MB             ; 00:00:32                           ;
; Fitter               ; 00:00:08     ; 1.0                     ; 1379 MB             ; 00:00:08                           ;
; Assembler            ; 00:00:01     ; 1.0                     ; 925 MB              ; 00:00:01                           ;
; Timing Analyzer      ; 00:00:02     ; 1.0                     ; 933 MB              ; 00:00:02                           ;
; EDA Netlist Writer   ; 00:00:01     ; 1.0                     ; 1164 MB             ; 00:00:01                           ;
; Total                ; 00:00:27     ; --                      ; --                  ; 00:00:44                           ;
+----------------------+--------------+-------------------------+---------------------+------------------------------------+


+---------------------------------------------------------------------------------+
; Flow OS Summary                                                                 ;
+----------------------+------------------+---------+------------+----------------+
; Module Name          ; Machine Hostname ; OS Name ; OS Version ; Processor type ;
+----------------------+------------------+---------+------------+----------------+
; Analysis & Synthesis ; engr-tau-15L     ; Red Hat ; Red Hat    ; x86_64         ;
; Fitter               ; engr-tau-15L     ; Red Hat ; Red Hat    ; x86_64         ;
; Assembler            ; engr-tau-15L     ; Red Hat ; Red Hat    ; x86_64         ;
; Timing Analyzer      ; engr-tau-15L     ; Red Hat ; Red Hat    ; x86_64         ;
; EDA Netlist Writer   ; engr-tau-15L     ; Red Hat ; Red Hat    ; x86_64         ;
+----------------------+------------------+---------+------------+----------------+


------------
; Flow Log ;
------------
quartus_map --read_settings_files=on --write_settings_files=off carry_lookahead_adder -c carry_lookahead_adder
quartus_fit --read_settings_files=off --write_settings_files=off carry_lookahead_adder -c carry_lookahead_adder
quartus_asm --read_settings_files=off --write_settings_files=off carry_lookahead_adder -c carry_lookahead_adder
quartus_sta carry_lookahead_adder -c carry_lookahead_adder
quartus_eda --read_settings_files=off --write_settings_files=off carry_lookahead_adder -c carry_lookahead_adder



