Analysis & Synthesis report for carry_lookahead_adder
Fri Oct 11 12:58:01 2019
Quartus Prime Version 18.1.0 Build 625 09/12/2018 SJ Standard Edition


---------------------
; Table of Contents ;
---------------------
  1. Legal Notice
  2. Analysis & Synthesis Summary
  3. Analysis & Synthesis Settings
  4. Parallel Compilation
  5. Analysis & Synthesis Source Files Read
  6. Analysis & Synthesis Resource Usage Summary
  7. Analysis & Synthesis Resource Utilization by Entity
  8. General Register Statistics
  9. Port Connectivity Checks: "thirty_two_bit_cla:cla|four_bit_cla:cla6"
 10. Port Connectivity Checks: "thirty_two_bit_cla:cla|four_bit_cla:cla5"
 11. Port Connectivity Checks: "thirty_two_bit_cla:cla|four_bit_cla:cla4"
 12. Port Connectivity Checks: "thirty_two_bit_cla:cla|four_bit_cla:cla3"
 13. Port Connectivity Checks: "thirty_two_bit_cla:cla|four_bit_cla:cla2"
 14. Port Connectivity Checks: "thirty_two_bit_cla:cla|four_bit_cla:cla1"
 15. Port Connectivity Checks: "thirty_two_bit_cla:cla|four_bit_cla:cla0"
 16. Port Connectivity Checks: "thirty_two_bit_cla:cla"
 17. Post-Synthesis Netlist Statistics for Top Partition
 18. Elapsed Time Per Partition
 19. Analysis & Synthesis Messages



----------------
; Legal Notice ;
----------------
Copyright (C) 2018  Intel Corporation. All rights reserved.
Your use of Intel Corporation's design tools, logic functions 
and other software and tools, and its AMPP partner logic 
functions, and any output files from any of the foregoing 
(including device programming or simulation files), and any 
associated documentation or information are expressly subject 
to the terms and conditions of the Intel Program License 
Subscription Agreement, the Intel Quartus Prime License Agreement,
the Intel FPGA IP License Agreement, or other applicable license
agreement, including, without limitation, that your use is for
the sole purpose of programming logic devices manufactured by
Intel and sold by Intel or its authorized distributors.  Please
refer to the applicable agreement for further details.



+--------------------------------------------------------------------------------------+
; Analysis & Synthesis Summary                                                         ;
+------------------------------------+-------------------------------------------------+
; Analysis & Synthesis Status        ; Successful - Fri Oct 11 12:58:01 2019           ;
; Quartus Prime Version              ; 18.1.0 Build 625 09/12/2018 SJ Standard Edition ;
; Revision Name                      ; carry_lookahead_adder                           ;
; Top-level Entity Name              ; adder_top                                       ;
; Family                             ; Cyclone IV E                                    ;
; Total logic elements               ; 141                                             ;
;     Total combinational functions  ; 77                                              ;
;     Dedicated logic registers      ; 96                                              ;
; Total registers                    ; 96                                              ;
; Total pins                         ; 97                                              ;
; Total virtual pins                 ; 0                                               ;
; Total memory bits                  ; 0                                               ;
; Embedded Multiplier 9-bit elements ; 0                                               ;
; Total PLLs                         ; 0                                               ;
+------------------------------------+-------------------------------------------------+


+---------------------------------------------------------------------------------------------------------------+
; Analysis & Synthesis Settings                                                                                 ;
+------------------------------------------------------------------+--------------------+-----------------------+
; Option                                                           ; Setting            ; Default Value         ;
+------------------------------------------------------------------+--------------------+-----------------------+
; Top-level entity name                                            ; adder_top          ; carry_lookahead_adder ;
; Family name                                                      ; Cyclone IV E       ; Cyclone V             ;
; Use smart compilation                                            ; Off                ; Off                   ;
; Enable parallel Assembler and Timing Analyzer during compilation ; On                 ; On                    ;
; Enable compact report table                                      ; Off                ; Off                   ;
; Restructure Multiplexers                                         ; Auto               ; Auto                  ;
; Create Debugging Nodes for IP Cores                              ; Off                ; Off                   ;
; Preserve fewer node names                                        ; On                 ; On                    ;
; Intel FPGA IP Evaluation Mode                                    ; Enable             ; Enable                ;
; Verilog Version                                                  ; Verilog_2001       ; Verilog_2001          ;
; VHDL Version                                                     ; VHDL_1993          ; VHDL_1993             ;
; State Machine Processing                                         ; Auto               ; Auto                  ;
; Safe State Machine                                               ; Off                ; Off                   ;
; Extract Verilog State Machines                                   ; On                 ; On                    ;
; Extract VHDL State Machines                                      ; On                 ; On                    ;
; Ignore Verilog initial constructs                                ; Off                ; Off                   ;
; Iteration limit for constant Verilog loops                       ; 5000               ; 5000                  ;
; Iteration limit for non-constant Verilog loops                   ; 250                ; 250                   ;
; Add Pass-Through Logic to Inferred RAMs                          ; On                 ; On                    ;
; Infer RAMs from Raw Logic                                        ; On                 ; On                    ;
; Parallel Synthesis                                               ; On                 ; On                    ;
; DSP Block Balancing                                              ; Auto               ; Auto                  ;
; NOT Gate Push-Back                                               ; On                 ; On                    ;
; Power-Up Don't Care                                              ; On                 ; On                    ;
; Remove Redundant Logic Cells                                     ; Off                ; Off                   ;
; Remove Duplicate Registers                                       ; On                 ; On                    ;
; Ignore CARRY Buffers                                             ; Off                ; Off                   ;
; Ignore CASCADE Buffers                                           ; Off                ; Off                   ;
; Ignore GLOBAL Buffers                                            ; Off                ; Off                   ;
; Ignore ROW GLOBAL Buffers                                        ; Off                ; Off                   ;
; Ignore LCELL Buffers                                             ; Off                ; Off                   ;
; Ignore SOFT Buffers                                              ; On                 ; On                    ;
; Limit AHDL Integers to 32 Bits                                   ; Off                ; Off                   ;
; Optimization Technique                                           ; Balanced           ; Balanced              ;
; Carry Chain Length                                               ; 70                 ; 70                    ;
; Auto Carry Chains                                                ; On                 ; On                    ;
; Auto Open-Drain Pins                                             ; On                 ; On                    ;
; Perform WYSIWYG Primitive Resynthesis                            ; Off                ; Off                   ;
; Auto ROM Replacement                                             ; On                 ; On                    ;
; Auto RAM Replacement                                             ; On                 ; On                    ;
; Auto DSP Block Replacement                                       ; On                 ; On                    ;
; Auto Shift Register Replacement                                  ; Auto               ; Auto                  ;
; Allow Shift Register Merging across Hierarchies                  ; Auto               ; Auto                  ;
; Auto Clock Enable Replacement                                    ; On                 ; On                    ;
; Strict RAM Replacement                                           ; Off                ; Off                   ;
; Allow Synchronous Control Signals                                ; On                 ; On                    ;
; Force Use of Synchronous Clear Signals                           ; Off                ; Off                   ;
; Auto RAM Block Balancing                                         ; On                 ; On                    ;
; Auto RAM to Logic Cell Conversion                                ; Off                ; Off                   ;
; Auto Resource Sharing                                            ; Off                ; Off                   ;
; Allow Any RAM Size For Recognition                               ; Off                ; Off                   ;
; Allow Any ROM Size For Recognition                               ; Off                ; Off                   ;
; Allow Any Shift Register Size For Recognition                    ; Off                ; Off                   ;
; Use LogicLock Constraints during Resource Balancing              ; On                 ; On                    ;
; Ignore translate_off and synthesis_off directives                ; Off                ; Off                   ;
; Timing-Driven Synthesis                                          ; On                 ; On                    ;
; Report Parameter Settings                                        ; On                 ; On                    ;
; Report Source Assignments                                        ; On                 ; On                    ;
; Report Connectivity Checks                                       ; On                 ; On                    ;
; Ignore Maximum Fan-Out Assignments                               ; Off                ; Off                   ;
; Synchronization Register Chain Length                            ; 2                  ; 2                     ;
; Power Optimization During Synthesis                              ; Normal compilation ; Normal compilation    ;
; HDL message level                                                ; Level2             ; Level2                ;
; Suppress Register Optimization Related Messages                  ; Off                ; Off                   ;
; Number of Removed Registers Reported in Synthesis Report         ; 5000               ; 5000                  ;
; Number of Swept Nodes Reported in Synthesis Report               ; 5000               ; 5000                  ;
; Number of Inverted Registers Reported in Synthesis Report        ; 100                ; 100                   ;
; Clock MUX Protection                                             ; On                 ; On                    ;
; Auto Gated Clock Conversion                                      ; Off                ; Off                   ;
; Block Design Naming                                              ; Auto               ; Auto                  ;
; SDC constraint protection                                        ; Off                ; Off                   ;
; Synthesis Effort                                                 ; Auto               ; Auto                  ;
; Shift Register Replacement - Allow Asynchronous Clear Signal     ; On                 ; On                    ;
; Pre-Mapping Resynthesis Optimization                             ; Off                ; Off                   ;
; Analysis & Synthesis Message Level                               ; Medium             ; Medium                ;
; Disable Register Merging Across Hierarchies                      ; Auto               ; Auto                  ;
; Resource Aware Inference For Block RAM                           ; On                 ; On                    ;
+------------------------------------------------------------------+--------------------+-----------------------+


+------------------------------------------+
; Parallel Compilation                     ;
+----------------------------+-------------+
; Processors                 ; Number      ;
+----------------------------+-------------+
; Number detected on machine ; 4           ;
; Maximum allowed            ; 2           ;
;                            ;             ;
; Average used               ; 1.00        ;
; Maximum used               ; 2           ;
;                            ;             ;
; Usage by Processor         ; % Time Used ;
;     Processor 1            ; 100.0%      ;
;     Processor 2            ;   0.0%      ;
+----------------------------+-------------+


+----------------------------------------------------------------------------------------------------------------------------------------------------------------------+
; Analysis & Synthesis Source Files Read                                                                                                                               ;
+----------------------------------+-----------------+------------------------+------------------------------------------------------------------------------+---------+
; File Name with User-Entered Path ; Used in Netlist ; File Type              ; File Name with Absolute Path                                                 ; Library ;
+----------------------------------+-----------------+------------------------+------------------------------------------------------------------------------+---------+
; one_bit_cla.v                    ; yes             ; User Verilog HDL File  ; /home/tck290/engr-ece/CME433/lab2/carry_lookahead_adder/one_bit_cla.v        ;         ;
; four_bit_cla.v                   ; yes             ; User Verilog HDL File  ; /home/tck290/engr-ece/CME433/lab2/carry_lookahead_adder/four_bit_cla.v       ;         ;
; adder_top.v                      ; yes             ; User Verilog HDL File  ; /home/tck290/engr-ece/CME433/lab2/carry_lookahead_adder/adder_top.v          ;         ;
; thirty_two_bit_cla.v             ; yes             ; User Verilog HDL File  ; /home/tck290/engr-ece/CME433/lab2/carry_lookahead_adder/thirty_two_bit_cla.v ;         ;
+----------------------------------+-----------------+------------------------+------------------------------------------------------------------------------+---------+


+---------------------------------------------------------+
; Analysis & Synthesis Resource Usage Summary             ;
+---------------------------------------------+-----------+
; Resource                                    ; Usage     ;
+---------------------------------------------+-----------+
; Estimated Total logic elements              ; 141       ;
;                                             ;           ;
; Total combinational functions               ; 77        ;
; Logic element usage by number of LUT inputs ;           ;
;     -- 4 input functions                    ; 32        ;
;     -- 3 input functions                    ; 29        ;
;     -- <=2 input functions                  ; 16        ;
;                                             ;           ;
; Logic elements by mode                      ;           ;
;     -- normal mode                          ; 77        ;
;     -- arithmetic mode                      ; 0         ;
;                                             ;           ;
; Total registers                             ; 96        ;
;     -- Dedicated logic registers            ; 96        ;
;     -- I/O registers                        ; 0         ;
;                                             ;           ;
; I/O pins                                    ; 97        ;
;                                             ;           ;
; Embedded Multiplier 9-bit elements          ; 0         ;
;                                             ;           ;
; Maximum fan-out node                        ; clk~input ;
; Maximum fan-out                             ; 96        ;
; Total fan-out                               ; 568       ;
; Average fan-out                             ; 1.55      ;
+---------------------------------------------+-----------+


+-------------------------------------------------------------------------------------------------------------------------------------------------------------------------------------------------------------------------------------------------------------------+
; Analysis & Synthesis Resource Utilization by Entity                                                                                                                                                                                                               ;
+-----------------------------+---------------------+---------------------------+-------------+--------------+---------+-----------+------+--------------+----------------------------------------------------------------------+--------------------+--------------+
; Compilation Hierarchy Node  ; Combinational ALUTs ; Dedicated Logic Registers ; Memory Bits ; DSP Elements ; DSP 9x9 ; DSP 18x18 ; Pins ; Virtual Pins ; Full Hierarchy Name                                                  ; Entity Name        ; Library Name ;
+-----------------------------+---------------------+---------------------------+-------------+--------------+---------+-----------+------+--------------+----------------------------------------------------------------------+--------------------+--------------+
; |adder_top                  ; 77 (0)              ; 96 (96)                   ; 0           ; 0            ; 0       ; 0         ; 97   ; 0            ; |adder_top                                                           ; adder_top          ; work         ;
;    |thirty_two_bit_cla:cla| ; 77 (0)              ; 0 (0)                     ; 0           ; 0            ; 0       ; 0         ; 0    ; 0            ; |adder_top|thirty_two_bit_cla:cla                                    ; thirty_two_bit_cla ; work         ;
;       |four_bit_cla:cla0|   ; 8 (4)               ; 0 (0)                     ; 0           ; 0            ; 0       ; 0         ; 0    ; 0            ; |adder_top|thirty_two_bit_cla:cla|four_bit_cla:cla0                  ; four_bit_cla       ; work         ;
;          |one_bit_cla:cla0| ; 1 (1)               ; 0 (0)                     ; 0           ; 0            ; 0       ; 0         ; 0    ; 0            ; |adder_top|thirty_two_bit_cla:cla|four_bit_cla:cla0|one_bit_cla:cla0 ; one_bit_cla        ; work         ;
;          |one_bit_cla:cla1| ; 1 (1)               ; 0 (0)                     ; 0           ; 0            ; 0       ; 0         ; 0    ; 0            ; |adder_top|thirty_two_bit_cla:cla|four_bit_cla:cla0|one_bit_cla:cla1 ; one_bit_cla        ; work         ;
;          |one_bit_cla:cla2| ; 1 (1)               ; 0 (0)                     ; 0           ; 0            ; 0       ; 0         ; 0    ; 0            ; |adder_top|thirty_two_bit_cla:cla|four_bit_cla:cla0|one_bit_cla:cla2 ; one_bit_cla        ; work         ;
;          |one_bit_cla:cla3| ; 1 (1)               ; 0 (0)                     ; 0           ; 0            ; 0       ; 0         ; 0    ; 0            ; |adder_top|thirty_two_bit_cla:cla|four_bit_cla:cla0|one_bit_cla:cla3 ; one_bit_cla        ; work         ;
;       |four_bit_cla:cla1|   ; 11 (7)              ; 0 (0)                     ; 0           ; 0            ; 0       ; 0         ; 0    ; 0            ; |adder_top|thirty_two_bit_cla:cla|four_bit_cla:cla1                  ; four_bit_cla       ; work         ;
;          |one_bit_cla:cla0| ; 1 (1)               ; 0 (0)                     ; 0           ; 0            ; 0       ; 0         ; 0    ; 0            ; |adder_top|thirty_two_bit_cla:cla|four_bit_cla:cla1|one_bit_cla:cla0 ; one_bit_cla        ; work         ;
;          |one_bit_cla:cla1| ; 1 (1)               ; 0 (0)                     ; 0           ; 0            ; 0       ; 0         ; 0    ; 0            ; |adder_top|thirty_two_bit_cla:cla|four_bit_cla:cla1|one_bit_cla:cla1 ; one_bit_cla        ; work         ;
;          |one_bit_cla:cla2| ; 1 (1)               ; 0 (0)                     ; 0           ; 0            ; 0       ; 0         ; 0    ; 0            ; |adder_top|thirty_two_bit_cla:cla|four_bit_cla:cla1|one_bit_cla:cla2 ; one_bit_cla        ; work         ;
;          |one_bit_cla:cla3| ; 1 (1)               ; 0 (0)                     ; 0           ; 0            ; 0       ; 0         ; 0    ; 0            ; |adder_top|thirty_two_bit_cla:cla|four_bit_cla:cla1|one_bit_cla:cla3 ; one_bit_cla        ; work         ;
;       |four_bit_cla:cla2|   ; 10 (6)              ; 0 (0)                     ; 0           ; 0            ; 0       ; 0         ; 0    ; 0            ; |adder_top|thirty_two_bit_cla:cla|four_bit_cla:cla2                  ; four_bit_cla       ; work         ;
;          |one_bit_cla:cla0| ; 1 (1)               ; 0 (0)                     ; 0           ; 0            ; 0       ; 0         ; 0    ; 0            ; |adder_top|thirty_two_bit_cla:cla|four_bit_cla:cla2|one_bit_cla:cla0 ; one_bit_cla        ; work         ;
;          |one_bit_cla:cla1| ; 1 (1)               ; 0 (0)                     ; 0           ; 0            ; 0       ; 0         ; 0    ; 0            ; |adder_top|thirty_two_bit_cla:cla|four_bit_cla:cla2|one_bit_cla:cla1 ; one_bit_cla        ; work         ;
;          |one_bit_cla:cla2| ; 1 (1)               ; 0 (0)                     ; 0           ; 0            ; 0       ; 0         ; 0    ; 0            ; |adder_top|thirty_two_bit_cla:cla|four_bit_cla:cla2|one_bit_cla:cla2 ; one_bit_cla        ; work         ;
;          |one_bit_cla:cla3| ; 1 (1)               ; 0 (0)                     ; 0           ; 0            ; 0       ; 0         ; 0    ; 0            ; |adder_top|thirty_two_bit_cla:cla|four_bit_cla:cla2|one_bit_cla:cla3 ; one_bit_cla        ; work         ;
;       |four_bit_cla:cla3|   ; 10 (6)              ; 0 (0)                     ; 0           ; 0            ; 0       ; 0         ; 0    ; 0            ; |adder_top|thirty_two_bit_cla:cla|four_bit_cla:cla3                  ; four_bit_cla       ; work         ;
;          |one_bit_cla:cla0| ; 1 (1)               ; 0 (0)                     ; 0           ; 0            ; 0       ; 0         ; 0    ; 0            ; |adder_top|thirty_two_bit_cla:cla|four_bit_cla:cla3|one_bit_cla:cla0 ; one_bit_cla        ; work         ;
;          |one_bit_cla:cla1| ; 1 (1)               ; 0 (0)                     ; 0           ; 0            ; 0       ; 0         ; 0    ; 0            ; |adder_top|thirty_two_bit_cla:cla|four_bit_cla:cla3|one_bit_cla:cla1 ; one_bit_cla        ; work         ;
;          |one_bit_cla:cla2| ; 1 (1)               ; 0 (0)                     ; 0           ; 0            ; 0       ; 0         ; 0    ; 0            ; |adder_top|thirty_two_bit_cla:cla|four_bit_cla:cla3|one_bit_cla:cla2 ; one_bit_cla        ; work         ;
;          |one_bit_cla:cla3| ; 1 (1)               ; 0 (0)                     ; 0           ; 0            ; 0       ; 0         ; 0    ; 0            ; |adder_top|thirty_two_bit_cla:cla|four_bit_cla:cla3|one_bit_cla:cla3 ; one_bit_cla        ; work         ;
;       |four_bit_cla:cla4|   ; 10 (6)              ; 0 (0)                     ; 0           ; 0            ; 0       ; 0         ; 0    ; 0            ; |adder_top|thirty_two_bit_cla:cla|four_bit_cla:cla4                  ; four_bit_cla       ; work         ;
;          |one_bit_cla:cla0| ; 1 (1)               ; 0 (0)                     ; 0           ; 0            ; 0       ; 0         ; 0    ; 0            ; |adder_top|thirty_two_bit_cla:cla|four_bit_cla:cla4|one_bit_cla:cla0 ; one_bit_cla        ; work         ;
;          |one_bit_cla:cla1| ; 1 (1)               ; 0 (0)                     ; 0           ; 0            ; 0       ; 0         ; 0    ; 0            ; |adder_top|thirty_two_bit_cla:cla|four_bit_cla:cla4|one_bit_cla:cla1 ; one_bit_cla        ; work         ;
;          |one_bit_cla:cla2| ; 1 (1)               ; 0 (0)                     ; 0           ; 0            ; 0       ; 0         ; 0    ; 0            ; |adder_top|thirty_two_bit_cla:cla|four_bit_cla:cla4|one_bit_cla:cla2 ; one_bit_cla        ; work         ;
;          |one_bit_cla:cla3| ; 1 (1)               ; 0 (0)                     ; 0           ; 0            ; 0       ; 0         ; 0    ; 0            ; |adder_top|thirty_two_bit_cla:cla|four_bit_cla:cla4|one_bit_cla:cla3 ; one_bit_cla        ; work         ;
;       |four_bit_cla:cla5|   ; 10 (6)              ; 0 (0)                     ; 0           ; 0            ; 0       ; 0         ; 0    ; 0            ; |adder_top|thirty_two_bit_cla:cla|four_bit_cla:cla5                  ; four_bit_cla       ; work         ;
;          |one_bit_cla:cla0| ; 1 (1)               ; 0 (0)                     ; 0           ; 0            ; 0       ; 0         ; 0    ; 0            ; |adder_top|thirty_two_bit_cla:cla|four_bit_cla:cla5|one_bit_cla:cla0 ; one_bit_cla        ; work         ;
;          |one_bit_cla:cla1| ; 1 (1)               ; 0 (0)                     ; 0           ; 0            ; 0       ; 0         ; 0    ; 0            ; |adder_top|thirty_two_bit_cla:cla|four_bit_cla:cla5|one_bit_cla:cla1 ; one_bit_cla        ; work         ;
;          |one_bit_cla:cla2| ; 1 (1)               ; 0 (0)                     ; 0           ; 0            ; 0       ; 0         ; 0    ; 0            ; |adder_top|thirty_two_bit_cla:cla|four_bit_cla:cla5|one_bit_cla:cla2 ; one_bit_cla        ; work         ;
;          |one_bit_cla:cla3| ; 1 (1)               ; 0 (0)                     ; 0           ; 0            ; 0       ; 0         ; 0    ; 0            ; |adder_top|thirty_two_bit_cla:cla|four_bit_cla:cla5|one_bit_cla:cla3 ; one_bit_cla        ; work         ;
;       |four_bit_cla:cla6|   ; 10 (6)              ; 0 (0)                     ; 0           ; 0            ; 0       ; 0         ; 0    ; 0            ; |adder_top|thirty_two_bit_cla:cla|four_bit_cla:cla6                  ; four_bit_cla       ; work         ;
;          |one_bit_cla:cla0| ; 1 (1)               ; 0 (0)                     ; 0           ; 0            ; 0       ; 0         ; 0    ; 0            ; |adder_top|thirty_two_bit_cla:cla|four_bit_cla:cla6|one_bit_cla:cla0 ; one_bit_cla        ; work         ;
;          |one_bit_cla:cla1| ; 1 (1)               ; 0 (0)                     ; 0           ; 0            ; 0       ; 0         ; 0    ; 0            ; |adder_top|thirty_two_bit_cla:cla|four_bit_cla:cla6|one_bit_cla:cla1 ; one_bit_cla        ; work         ;
;          |one_bit_cla:cla2| ; 1 (1)               ; 0 (0)                     ; 0           ; 0            ; 0       ; 0         ; 0    ; 0            ; |adder_top|thirty_two_bit_cla:cla|four_bit_cla:cla6|one_bit_cla:cla2 ; one_bit_cla        ; work         ;
;          |one_bit_cla:cla3| ; 1 (1)               ; 0 (0)                     ; 0           ; 0            ; 0       ; 0         ; 0    ; 0            ; |adder_top|thirty_two_bit_cla:cla|four_bit_cla:cla6|one_bit_cla:cla3 ; one_bit_cla        ; work         ;
;       |four_bit_cla:cla7|   ; 8 (3)               ; 0 (0)                     ; 0           ; 0            ; 0       ; 0         ; 0    ; 0            ; |adder_top|thirty_two_bit_cla:cla|four_bit_cla:cla7                  ; four_bit_cla       ; work         ;
;          |one_bit_cla:cla0| ; 1 (1)               ; 0 (0)                     ; 0           ; 0            ; 0       ; 0         ; 0    ; 0            ; |adder_top|thirty_two_bit_cla:cla|four_bit_cla:cla7|one_bit_cla:cla0 ; one_bit_cla        ; work         ;
;          |one_bit_cla:cla1| ; 1 (1)               ; 0 (0)                     ; 0           ; 0            ; 0       ; 0         ; 0    ; 0            ; |adder_top|thirty_two_bit_cla:cla|four_bit_cla:cla7|one_bit_cla:cla1 ; one_bit_cla        ; work         ;
;          |one_bit_cla:cla2| ; 1 (1)               ; 0 (0)                     ; 0           ; 0            ; 0       ; 0         ; 0    ; 0            ; |adder_top|thirty_two_bit_cla:cla|four_bit_cla:cla7|one_bit_cla:cla2 ; one_bit_cla        ; work         ;
;          |one_bit_cla:cla3| ; 2 (2)               ; 0 (0)                     ; 0           ; 0            ; 0       ; 0         ; 0    ; 0            ; |adder_top|thirty_two_bit_cla:cla|four_bit_cla:cla7|one_bit_cla:cla3 ; one_bit_cla        ; work         ;
+-----------------------------+---------------------+---------------------------+-------------+--------------+---------+-----------+------+--------------+----------------------------------------------------------------------+--------------------+--------------+
Note: For table entries with two numbers listed, the numbers in parentheses indicate the number of resources of the given type used by the specific entity alone. The numbers listed outside of parentheses indicate the total resources of the given type used by the specific entity and all of its sub-entities in the hierarchy.


+------------------------------------------------------+
; General Register Statistics                          ;
+----------------------------------------------+-------+
; Statistic                                    ; Value ;
+----------------------------------------------+-------+
; Total registers                              ; 96    ;
; Number of registers using Synchronous Clear  ; 0     ;
; Number of registers using Synchronous Load   ; 0     ;
; Number of registers using Asynchronous Clear ; 0     ;
; Number of registers using Asynchronous Load  ; 0     ;
; Number of registers using Clock Enable       ; 0     ;
; Number of registers using Preset             ; 0     ;
+----------------------------------------------+-------+


+-------------------------------------------------------------------------------------------------------------------------------------+
; Port Connectivity Checks: "thirty_two_bit_cla:cla|four_bit_cla:cla6"                                                                ;
+------+--------+----------+----------------------------------------------------------------------------------------------------------+
; Port ; Type   ; Severity ; Details                                                                                                  ;
+------+--------+----------+----------------------------------------------------------------------------------------------------------+
; P    ; Output ; Warning  ; Declared by entity but not connected by instance. Logic that only feeds a dangling port will be removed. ;
; G    ; Output ; Warning  ; Declared by entity but not connected by instance. Logic that only feeds a dangling port will be removed. ;
+------+--------+----------+----------------------------------------------------------------------------------------------------------+


+-------------------------------------------------------------------------------------------------------------------------------------+
; Port Connectivity Checks: "thirty_two_bit_cla:cla|four_bit_cla:cla5"                                                                ;
+------+--------+----------+----------------------------------------------------------------------------------------------------------+
; Port ; Type   ; Severity ; Details                                                                                                  ;
+------+--------+----------+----------------------------------------------------------------------------------------------------------+
; P    ; Output ; Warning  ; Declared by entity but not connected by instance. Logic that only feeds a dangling port will be removed. ;
; G    ; Output ; Warning  ; Declared by entity but not connected by instance. Logic that only feeds a dangling port will be removed. ;
+------+--------+----------+----------------------------------------------------------------------------------------------------------+


+-------------------------------------------------------------------------------------------------------------------------------------+
; Port Connectivity Checks: "thirty_two_bit_cla:cla|four_bit_cla:cla4"                                                                ;
+------+--------+----------+----------------------------------------------------------------------------------------------------------+
; Port ; Type   ; Severity ; Details                                                                                                  ;
+------+--------+----------+----------------------------------------------------------------------------------------------------------+
; P    ; Output ; Warning  ; Declared by entity but not connected by instance. Logic that only feeds a dangling port will be removed. ;
; G    ; Output ; Warning  ; Declared by entity but not connected by instance. Logic that only feeds a dangling port will be removed. ;
+------+--------+----------+----------------------------------------------------------------------------------------------------------+


+-------------------------------------------------------------------------------------------------------------------------------------+
; Port Connectivity Checks: "thirty_two_bit_cla:cla|four_bit_cla:cla3"                                                                ;
+------+--------+----------+----------------------------------------------------------------------------------------------------------+
; Port ; Type   ; Severity ; Details                                                                                                  ;
+------+--------+----------+----------------------------------------------------------------------------------------------------------+
; P    ; Output ; Warning  ; Declared by entity but not connected by instance. Logic that only feeds a dangling port will be removed. ;
; G    ; Output ; Warning  ; Declared by entity but not connected by instance. Logic that only feeds a dangling port will be removed. ;
+------+--------+----------+----------------------------------------------------------------------------------------------------------+


+-------------------------------------------------------------------------------------------------------------------------------------+
; Port Connectivity Checks: "thirty_two_bit_cla:cla|four_bit_cla:cla2"                                                                ;
+------+--------+----------+----------------------------------------------------------------------------------------------------------+
; Port ; Type   ; Severity ; Details                                                                                                  ;
+------+--------+----------+----------------------------------------------------------------------------------------------------------+
; P    ; Output ; Warning  ; Declared by entity but not connected by instance. Logic that only feeds a dangling port will be removed. ;
; G    ; Output ; Warning  ; Declared by entity but not connected by instance. Logic that only feeds a dangling port will be removed. ;
+------+--------+----------+----------------------------------------------------------------------------------------------------------+


+-------------------------------------------------------------------------------------------------------------------------------------+
; Port Connectivity Checks: "thirty_two_bit_cla:cla|four_bit_cla:cla1"                                                                ;
+------+--------+----------+----------------------------------------------------------------------------------------------------------+
; Port ; Type   ; Severity ; Details                                                                                                  ;
+------+--------+----------+----------------------------------------------------------------------------------------------------------+
; P    ; Output ; Warning  ; Declared by entity but not connected by instance. Logic that only feeds a dangling port will be removed. ;
; G    ; Output ; Warning  ; Declared by entity but not connected by instance. Logic that only feeds a dangling port will be removed. ;
+------+--------+----------+----------------------------------------------------------------------------------------------------------+


+-------------------------------------------------------------------------------------------------------------------------------------+
; Port Connectivity Checks: "thirty_two_bit_cla:cla|four_bit_cla:cla0"                                                                ;
+------+--------+----------+----------------------------------------------------------------------------------------------------------+
; Port ; Type   ; Severity ; Details                                                                                                  ;
+------+--------+----------+----------------------------------------------------------------------------------------------------------+
; P    ; Output ; Warning  ; Declared by entity but not connected by instance. Logic that only feeds a dangling port will be removed. ;
; G    ; Output ; Warning  ; Declared by entity but not connected by instance. Logic that only feeds a dangling port will be removed. ;
+------+--------+----------+----------------------------------------------------------------------------------------------------------+


+----------------------------------------------------------------------------------------------------------------+
; Port Connectivity Checks: "thirty_two_bit_cla:cla"                                                             ;
+------+--------+----------+-------------------------------------------------------------------------------------+
; Port ; Type   ; Severity ; Details                                                                             ;
+------+--------+----------+-------------------------------------------------------------------------------------+
; P    ; Output ; Info     ; Connected to dangling logic. Logic that only feeds a dangling port will be removed. ;
; G    ; Output ; Info     ; Connected to dangling logic. Logic that only feeds a dangling port will be removed. ;
; Cout ; Output ; Info     ; Connected to dangling logic. Logic that only feeds a dangling port will be removed. ;
+------+--------+----------+-------------------------------------------------------------------------------------+


+-----------------------------------------------------+
; Post-Synthesis Netlist Statistics for Top Partition ;
+-----------------------+-----------------------------+
; Type                  ; Count                       ;
+-----------------------+-----------------------------+
; boundary_port         ; 97                          ;
; cycloneiii_ff         ; 96                          ;
;     plain             ; 96                          ;
; cycloneiii_lcell_comb ; 77                          ;
;     normal            ; 77                          ;
;         2 data inputs ; 16                          ;
;         3 data inputs ; 29                          ;
;         4 data inputs ; 32                          ;
;                       ;                             ;
; Max LUT depth         ; 31.00                       ;
; Average LUT depth     ; 12.38                       ;
+-----------------------+-----------------------------+


+-------------------------------+
; Elapsed Time Per Partition    ;
+----------------+--------------+
; Partition Name ; Elapsed Time ;
+----------------+--------------+
; Top            ; 00:00:00     ;
+----------------+--------------+


+-------------------------------+
; Analysis & Synthesis Messages ;
+-------------------------------+
Info: *******************************************************************
Info: Running Quartus Prime Analysis & Synthesis
    Info: Version 18.1.0 Build 625 09/12/2018 SJ Standard Edition
    Info: Processing started: Fri Oct 11 12:57:46 2019
Info: Command: quartus_map --read_settings_files=on --write_settings_files=off carry_lookahead_adder -c carry_lookahead_adder
Warning (18236): Number of processors has not been specified which may cause overloading on shared machines.  Set the global assignment NUM_PARALLEL_PROCESSORS in your QSF to an appropriate value for best performance.
Info (20030): Parallel compilation is enabled and will use 2 of the 2 processors detected
Info (12021): Found 1 design units, including 1 entities, in source file one_bit_cla.v
    Info (12023): Found entity 1: one_bit_cla File: /home/tck290/engr-ece/CME433/lab2/carry_lookahead_adder/one_bit_cla.v Line: 1
Info (12021): Found 1 design units, including 1 entities, in source file four_bit_cla.v
    Info (12023): Found entity 1: four_bit_cla File: /home/tck290/engr-ece/CME433/lab2/carry_lookahead_adder/four_bit_cla.v Line: 1
Info (12021): Found 1 design units, including 1 entities, in source file adder_top.v
    Info (12023): Found entity 1: adder_top File: /home/tck290/engr-ece/CME433/lab2/carry_lookahead_adder/adder_top.v Line: 1
Info (12021): Found 1 design units, including 1 entities, in source file tbench_top.v
    Info (12023): Found entity 1: tbench_top File: /home/tck290/engr-ece/CME433/lab2/carry_lookahead_adder/tbench_top.v Line: 1
Info (12021): Found 1 design units, including 1 entities, in source file thirty_two_bit_cla.v
    Info (12023): Found entity 1: thirty_two_bit_cla File: /home/tck290/engr-ece/CME433/lab2/carry_lookahead_adder/thirty_two_bit_cla.v Line: 1
Info (12021): Found 1 design units, including 1 entities, in source file cla_adder_testbench.v
    Info (12023): Found entity 1: cla_adder_testbench File: /home/tck290/engr-ece/CME433/lab2/carry_lookahead_adder/cla_adder_testbench.v Line: 3
Warning (10236): Verilog HDL Implicit Net warning at adder_top.v(19): created implicit net for "P" File: /home/tck290/engr-ece/CME433/lab2/carry_lookahead_adder/adder_top.v Line: 19
Warning (10236): Verilog HDL Implicit Net warning at adder_top.v(20): created implicit net for "G" File: /home/tck290/engr-ece/CME433/lab2/carry_lookahead_adder/adder_top.v Line: 20
Info (12127): Elaborating entity "adder_top" for the top level hierarchy
Info (12128): Elaborating entity "thirty_two_bit_cla" for hierarchy "thirty_two_bit_cla:cla" File: /home/tck290/engr-ece/CME433/lab2/carry_lookahead_adder/adder_top.v Line: 23
Info (12128): Elaborating entity "four_bit_cla" for hierarchy "thirty_two_bit_cla:cla|four_bit_cla:cla0" File: /home/tck290/engr-ece/CME433/lab2/carry_lookahead_adder/thirty_two_bit_cla.v Line: 21
Info (12128): Elaborating entity "one_bit_cla" for hierarchy "thirty_two_bit_cla:cla|four_bit_cla:cla0|one_bit_cla:cla0" File: /home/tck290/engr-ece/CME433/lab2/carry_lookahead_adder/four_bit_cla.v Line: 22
Warning (12241): 7 hierarchies have connectivity warnings - see the Connectivity Checks report folder
Info (286030): Timing-Driven Synthesis is running
Info (16010): Generating hard_block partition "hard_block:auto_generated_inst"
    Info (16011): Adding 0 node(s), including 0 DDIO, 0 PLL, 0 transceiver and 0 LCELL
Info (21057): Implemented 238 device resources after synthesis - the final resource count might be different
    Info (21058): Implemented 65 input pins
    Info (21059): Implemented 32 output pins
    Info (21061): Implemented 141 logic cells
Info: Quartus Prime Analysis & Synthesis was successful. 0 errors, 4 warnings
    Info: Peak virtual memory: 1071 megabytes
    Info: Processing ended: Fri Oct 11 12:58:01 2019
    Info: Elapsed time: 00:00:15
    Info: Total CPU time (on all processors): 00:00:32


