Flow report for parity
Fri Sep 27 22:28:20 2019
Quartus Prime Version 18.1.0 Build 625 09/12/2018 SJ Standard Edition


---------------------
; Table of Contents ;
---------------------
  1. Legal Notice
  2. Flow Summary
  3. Flow Settings
  4. Flow Non-Default Global Settings
  5. Flow Elapsed Time
  6. Flow OS Summary
  7. Flow Log
  8. Flow Messages
  9. Flow Suppressed Messages



----------------
; Legal Notice ;
----------------
Copyright (C) 2018  Intel Corporation. All rights reserved.
Your use of Intel Corporation's design tools, logic functions 
and other software and tools, and its AMPP partner logic 
functions, and any output files from any of the foregoing 
(including device programming or simulation files), and any 
associated documentation or information are expressly subject 
to the terms and conditions of the Intel Program License 
Subscription Agreement, the Intel Quartus Prime License Agreement,
the Intel FPGA IP License Agreement, or other applicable license
agreement, including, without limitation, that your use is for
the sole purpose of programming logic devices manufactured by
Intel and sold by Intel or its authorized distributors.  Please
refer to the applicable agreement for further details.



+--------------------------------------------------------------------------------------+
; Flow Summary                                                                         ;
+------------------------------------+-------------------------------------------------+
; Flow Status                        ; Successful - Fri Sep 27 22:28:20 2019           ;
; Quartus Prime Version              ; 18.1.0 Build 625 09/12/2018 SJ Standard Edition ;
; Revision Name                      ; parity                                          ;
; Top-level Entity Name              ; parity_davio_template                           ;
; Family                             ; Cyclone IV E                                    ;
; Device                             ; EP4CE115F29C7                                   ;
; Timing Models                      ; Final                                           ;
; Total logic elements               ; 7 / 114,480 ( < 1 % )                           ;
;     Total combinational functions  ; 7 / 114,480 ( < 1 % )                           ;
;     Dedicated logic registers      ; 0 / 114,480 ( 0 % )                             ;
; Total registers                    ; 0                                               ;
; Total pins                         ; 8 / 529 ( 2 % )                                 ;
; Total virtual pins                 ; 0                                               ;
; Total memory bits                  ; 0 / 3,981,312 ( 0 % )                           ;
; Embedded Multiplier 9-bit elements ; 0 / 532 ( 0 % )                                 ;
; Total PLLs                         ; 0 / 4 ( 0 % )                                   ;
+------------------------------------+-------------------------------------------------+


+-----------------------------------------+
; Flow Settings                           ;
+-------------------+---------------------+
; Option            ; Setting             ;
+-------------------+---------------------+
; Start date & time ; 09/27/2019 22:27:47 ;
; Main task         ; Compilation         ;
; Revision Name     ; parity              ;
+-------------------+---------------------+


+-------------------------------------------------------------------------------------------------------------------------------------------+
; Flow Non-Default Global Settings                                                                                                          ;
+-----------------------------------------+----------------------------------------+---------------+-----------------------+----------------+
; Assignment Name                         ; Value                                  ; Default Value ; Entity Name           ; Section Id     ;
+-----------------------------------------+----------------------------------------+---------------+-----------------------+----------------+
; ALM_REGISTER_PACKING_EFFORT             ; High                                   ; Medium        ; --                    ; --             ;
; COMPILER_SIGNATURE_ID                   ; 345046515765.156964486731879           ; --            ; --                    ; --             ;
; EDA_OUTPUT_DATA_FORMAT                  ; Verilog Hdl                            ; --            ; --                    ; eda_simulation ;
; EDA_SIMULATION_TOOL                     ; ModelSim-Altera (Verilog)              ; <None>        ; --                    ; --             ;
; EDA_TIME_SCALE                          ; 1 ps                                   ; --            ; --                    ; eda_simulation ;
; MAX_CORE_JUNCTION_TEMP                  ; 85                                     ; --            ; --                    ; --             ;
; MIN_CORE_JUNCTION_TEMP                  ; 0                                      ; --            ; --                    ; --             ;
; NOMINAL_CORE_SUPPLY_VOLTAGE             ; 1.2V                                   ; --            ; --                    ; --             ;
; OPTIMIZATION_MODE                       ; Aggressive Area                        ; Balanced      ; --                    ; --             ;
; PARTITION_COLOR                         ; -- (Not supported for targeted family) ; --            ; parity_davio_template ; Top            ;
; PARTITION_FITTER_PRESERVATION_LEVEL     ; -- (Not supported for targeted family) ; --            ; parity_davio_template ; Top            ;
; PARTITION_NETLIST_TYPE                  ; -- (Not supported for targeted family) ; --            ; parity_davio_template ; Top            ;
; PHYSICAL_SYNTHESIS_COMBO_LOGIC_FOR_AREA ; On                                     ; Off           ; --                    ; --             ;
; POWER_BOARD_THERMAL_MODEL               ; None (CONSERVATIVE)                    ; --            ; --                    ; --             ;
; POWER_PRESET_COOLING_SOLUTION           ; 23 MM HEAT SINK WITH 200 LFPM AIRFLOW  ; --            ; --                    ; --             ;
; PROJECT_OUTPUT_DIRECTORY                ; output_files                           ; --            ; --                    ; --             ;
; TOP_LEVEL_ENTITY                        ; parity_davio_template                  ; parity        ; --                    ; --             ;
+-----------------------------------------+----------------------------------------+---------------+-----------------------+----------------+


+--------------------------------------------------------------------------------------------------------------------------+
; Flow Elapsed Time                                                                                                        ;
+----------------------+--------------+-------------------------+---------------------+------------------------------------+
; Module Name          ; Elapsed Time ; Average Processors Used ; Peak Virtual Memory ; Total CPU Time (on all processors) ;
+----------------------+--------------+-------------------------+---------------------+------------------------------------+
; Analysis & Synthesis ; 00:00:13     ; 1.0                     ; 1008 MB             ; 00:00:30                           ;
; Fitter               ; 00:00:10     ; 1.0                     ; 1550 MB             ; 00:00:13                           ;
; Assembler            ; 00:00:03     ; 1.0                     ; 934 MB              ; 00:00:03                           ;
; Timing Analyzer      ; 00:00:02     ; 1.0                     ; 1001 MB             ; 00:00:02                           ;
; EDA Netlist Writer   ; 00:00:01     ; 1.0                     ; 1166 MB             ; 00:00:01                           ;
; Total                ; 00:00:29     ; --                      ; --                  ; 00:00:49                           ;
+----------------------+--------------+-------------------------+---------------------+------------------------------------+


+---------------------------------------------------------------------------------+
; Flow OS Summary                                                                 ;
+----------------------+------------------+---------+------------+----------------+
; Module Name          ; Machine Hostname ; OS Name ; OS Version ; Processor type ;
+----------------------+------------------+---------+------------+----------------+
; Analysis & Synthesis ; engr-tau-11L     ; Red Hat ; Red Hat    ; x86_64         ;
; Fitter               ; engr-tau-11L     ; Red Hat ; Red Hat    ; x86_64         ;
; Assembler            ; engr-tau-11L     ; Red Hat ; Red Hat    ; x86_64         ;
; Timing Analyzer      ; engr-tau-11L     ; Red Hat ; Red Hat    ; x86_64         ;
; EDA Netlist Writer   ; engr-tau-11L     ; Red Hat ; Red Hat    ; x86_64         ;
+----------------------+------------------+---------+------------+----------------+


------------
; Flow Log ;
------------
quartus_map --read_settings_files=on --write_settings_files=off parity -c parity
quartus_fit --read_settings_files=off --write_settings_files=off parity -c parity
quartus_asm --read_settings_files=off --write_settings_files=off parity -c parity
quartus_sta parity -c parity
quartus_eda --read_settings_files=off --write_settings_files=off parity -c parity



